Using pre-set license
Built from '2020.3/staging' branch; Version is '2020.3.40f1 (ba48d4efcef1) revision 12208340'; Using compiler version '192528614'; Build Type 'Release'
OS: 'Windows 10  (10.0.19044) 64bit CoreSingleLanguage' Language: 'ru' Physical Memory: 16216 MB
BatchMode: 1, IsHumanControllingUs: 0, StartBugReporterOnCrash: 0, Is64bit: 1, IsPro: 0

COMMAND LINE ARGUMENTS:
D:\Software\2020.3.40f1\Editor\Unity.exe
-adb2
-batchMode
-noUpm
-name
AssetImportWorker0
-projectPath
D:/Projects/WheelOfFortune
-logFile
Logs/AssetImportWorker0.log
-srvPort
49926
Successfully changed project path to: D:/Projects/WheelOfFortune
D:/Projects/WheelOfFortune
Using Asset Import Pipeline V2.
Refreshing native plugins compatible for Editor in 78.78 ms, found 3 plugins.
Preloading 0 native plugins for Editor in 0.00 ms.
Initialize engine version: 2020.3.40f1 (ba48d4efcef1)
[Subsystems] Discovering subsystems at path D:/Software/2020.3.40f1/Editor/Data/Resources/UnitySubsystems
[Subsystems] Discovering subsystems at path D:/Projects/WheelOfFortune/Assets
GfxDevice: creating device client; threaded=0
Direct3D:
    Version:  Direct3D 11.0 [level 11.1]
    Renderer: NVIDIA GeForce MX350 (ID=0x1c94)
    Vendor:   
    VRAM:     1979 MB
    Driver:   30.0.15.1259
Initialize mono
Mono path[0] = 'D:/Software/2020.3.40f1/Editor/Data/Managed'
Mono path[1] = 'D:/Software/2020.3.40f1/Editor/Data/MonoBleedingEdge/lib/mono/unityjit'
Mono config path = 'D:/Software/2020.3.40f1/Editor/Data/MonoBleedingEdge/etc'
Using monoOptions --debugger-agent=transport=dt_socket,embedding=1,server=y,suspend=n,address=127.0.0.1:56040
Begin MonoManager ReloadAssembly
Registering precompiled unity dll's ...
Register platform support module: D:/Software/2020.3.40f1/Editor/Data/PlaybackEngines/WindowsStandaloneSupport/UnityEditor.WindowsStandalone.Extensions.dll
Registered in 0.003274 seconds.
Native extension for WindowsStandalone target not found
Refreshing native plugins compatible for Editor in 42.76 ms, found 3 plugins.
Preloading 0 native plugins for Editor in 0.00 ms.
Mono: successfully reloaded assembly
- Completed reload, in  0.643 seconds
Domain Reload Profiling:
	ReloadAssembly (643ms)
		BeginReloadAssembly (106ms)
			ExecutionOrderSort (0ms)
			DisableScriptedObjects (0ms)
			BackupInstance (0ms)
			ReleaseScriptingObjects (0ms)
			CreateAndSetChildDomain (1ms)
		EndReloadAssembly (475ms)
			LoadAssemblies (106ms)
			RebuildTransferFunctionScriptingTraits (0ms)
			SetupTypeCache (136ms)
			ReleaseScriptCaches (0ms)
			RebuildScriptCaches (30ms)
			SetupLoadedEditorAssemblies (199ms)
				LogAssemblyErrors (0ms)
				InitializePlatformSupportModulesInManaged (4ms)
				SetLoadedEditorAssemblies (0ms)
				RefreshPlugins (43ms)
				BeforeProcessingInitializeOnLoad (18ms)
				ProcessInitializeOnLoadAttributes (101ms)
				ProcessInitializeOnLoadMethodAttributes (33ms)
				AfterProcessingInitializeOnLoad (0ms)
				EditorAssembliesLoaded (0ms)
			ExecutionOrderSort2 (0ms)
			AwakeInstancesAfterBackupRestoration (0ms)
Platform modules already initialized, skipping
Registering precompiled user dll's ...
Registered in 0.010520 seconds.
Begin MonoManager ReloadAssembly
Native extension for WindowsStandalone target not found
Refreshing native plugins compatible for Editor in 41.82 ms, found 3 plugins.
Preloading 0 native plugins for Editor in 0.00 ms.
Mono: successfully reloaded assembly
- Completed reload, in  2.695 seconds
Domain Reload Profiling:
	ReloadAssembly (2696ms)
		BeginReloadAssembly (154ms)
			ExecutionOrderSort (0ms)
			DisableScriptedObjects (4ms)
			BackupInstance (0ms)
			ReleaseScriptingObjects (0ms)
			CreateAndSetChildDomain (30ms)
		EndReloadAssembly (2486ms)
			LoadAssemblies (142ms)
			RebuildTransferFunctionScriptingTraits (0ms)
			SetupTypeCache (283ms)
			ReleaseScriptCaches (0ms)
			RebuildScriptCaches (47ms)
			SetupLoadedEditorAssemblies (315ms)
				LogAssemblyErrors (0ms)
				InitializePlatformSupportModulesInManaged (2ms)
				SetLoadedEditorAssemblies (0ms)
				RefreshPlugins (42ms)
				BeforeProcessingInitializeOnLoad (68ms)
				ProcessInitializeOnLoadAttributes (154ms)
				ProcessInitializeOnLoadMethodAttributes (46ms)
				AfterProcessingInitializeOnLoad (2ms)
				EditorAssembliesLoaded (0ms)
			ExecutionOrderSort2 (0ms)
			AwakeInstancesAfterBackupRestoration (1ms)
Platform modules already initialized, skipping
========================================================================
Worker process is ready to serve import requests
Launched and connected shader compiler UnityShaderCompiler.exe after 0.04 seconds
Refreshing native plugins compatible for Editor in 0.57 ms, found 3 plugins.
Preloading 0 native plugins for Editor in 0.00 ms.
Unloading 2251 Unused Serialized files (Serialized files now loaded: 0)
System memory in use before: 98.5 MB.
System memory in use after: 98.4 MB.

Unloading 43 unused Assets to reduce memory usage. Loaded Objects now: 2679.
Total: 4.053300 ms (FindLiveObjects: 0.152400 ms CreateObjectMapping: 0.072100 ms MarkObjects: 3.686300 ms  DeleteObjects: 0.141500 ms)

AssetImportParameters requested are different than current active one (requested -> active):
  custom:framework-win-MediaFoundation: 216162199b28c13a410421893ffa2e32 -> 
  custom:video-decoder-ogg-theora: a1e56fd34408186e4bbccfd4996cb3dc -> 
  custom:container-muxer-webm: aa71ff27fc2769a1b78a27578f13a17b -> 
  custom:container-demuxer-webm: 4f35f7cbe854078d1ac9338744f61a02 -> 
  custom:container-demuxer-ogg: 62fdf1f143b41e24485cea50d1cbac27 -> 
  custom:video-encoder-webm-vp8: eb34c28f22e8b96e1ab97ce403110664 -> 
  custom:video-codec-MediaFoundation-h265: 746d11721c4dcdbdad8f713fa42b33f4 -> 
  custom:video-decoder-webm-vp8: 9c59270c3fd7afecdb556c50c9e8de78 -> 
  custom:audio-decoder-ogg-vorbis: bf7c407c2cedff20999df2af8eb42d56 -> 
  custom:audio-encoder-webm-vorbis: bf7c407c2cedff20999df2af8eb42d56 -> 
========================================================================
Received Import Request.
  path: Assets/Scenes/Policy.unity
  artifactKey: Guid(cfb0d2982ae36294faf19379e50c86c1) Importer(815301076,1909f56bfc062723c751e8b465ee728b)
Start importing Assets/Scenes/Policy.unity using Guid(cfb0d2982ae36294faf19379e50c86c1) Importer(815301076,1909f56bfc062723c751e8b465ee728b)  -> (artifact id: 'acd4fc07f5caaa8d853b547c87b387e2') in 0.007540 seconds 
========================================================================
Received Import Request.
  Time since last request: 339.617536 seconds.
  path: Assets/Scripts/Test.cs
  artifactKey: Guid(39b15e3468ca4b74ea6f0180f76b6010) Importer(815301076,1909f56bfc062723c751e8b465ee728b)
Start importing Assets/Scripts/Test.cs using Guid(39b15e3468ca4b74ea6f0180f76b6010) Importer(815301076,1909f56bfc062723c751e8b465ee728b)  -> (artifact id: '8ac17fe9ea601f2ad43d534d3367701e') in 0.090829 seconds 
========================================================================
Received Prepare
Registering precompiled user dll's ...
Registered in 0.004645 seconds.
Begin MonoManager ReloadAssembly
Native extension for WindowsStandalone target not found
Refreshing native plugins compatible for Editor in 0.59 ms, found 3 plugins.
Preloading 0 native plugins for Editor in 0.00 ms.
Mono: successfully reloaded assembly
- Completed reload, in  4.437 seconds
Domain Reload Profiling:
	ReloadAssembly (4438ms)
		BeginReloadAssembly (164ms)
			ExecutionOrderSort (0ms)
			DisableScriptedObjects (7ms)
			BackupInstance (0ms)
			ReleaseScriptingObjects (0ms)
			CreateAndSetChildDomain (48ms)
		EndReloadAssembly (4161ms)
			LoadAssemblies (139ms)
			RebuildTransferFunctionScriptingTraits (0ms)
			SetupTypeCache (503ms)
			ReleaseScriptCaches (1ms)
			RebuildScriptCaches (194ms)
			SetupLoadedEditorAssemblies (3049ms)
				LogAssemblyErrors (0ms)
				InitializePlatformSupportModulesInManaged (7ms)
				SetLoadedEditorAssemblies (1ms)
				RefreshPlugins (1ms)
				BeforeProcessingInitializeOnLoad (99ms)
				ProcessInitializeOnLoadAttributes (2640ms)
				ProcessInitializeOnLoadMethodAttributes (244ms)
				AfterProcessingInitializeOnLoad (56ms)
				EditorAssembliesLoaded (0ms)
			ExecutionOrderSort2 (0ms)
			AwakeInstancesAfterBackupRestoration (11ms)
Platform modules already initialized, skipping
Switching build target platform(19) subTarget(0) extendedPlatform(0) -> platform(13) subTarget(537395200) extendedPlatform(0)
Refreshing native plugins compatible for Editor in 1.89 ms, found 3 plugins.
Preloading 0 native plugins for Editor in 0.00 ms.
Unloading 2249 Unused Serialized files (Serialized files now loaded: 0)
System memory in use before: 98.4 MB.
System memory in use after: 98.4 MB.

Unloading 32 unused Assets to reduce memory usage. Loaded Objects now: 2683.
Total: 7.437000 ms (FindLiveObjects: 0.439400 ms CreateObjectMapping: 0.326500 ms MarkObjects: 6.453600 ms  DeleteObjects: 0.215500 ms)

AssetImportParameters requested are different than current active one (requested -> active):
  custom:framework-win-MediaFoundation: 216162199b28c13a410421893ffa2e32 -> 
  custom:video-decoder-ogg-theora: a1e56fd34408186e4bbccfd4996cb3dc -> 
  custom:container-muxer-webm: aa71ff27fc2769a1b78a27578f13a17b -> 
  custom:container-demuxer-webm: 4f35f7cbe854078d1ac9338744f61a02 -> 
  custom:container-demuxer-ogg: 62fdf1f143b41e24485cea50d1cbac27 -> 
  custom:video-encoder-webm-vp8: eb34c28f22e8b96e1ab97ce403110664 -> 
  custom:video-codec-MediaFoundation-h265: 746d11721c4dcdbdad8f713fa42b33f4 -> 
  custom:video-decoder-webm-vp8: 9c59270c3fd7afecdb556c50c9e8de78 -> 
  custom:graphics/normal-map-encoding: 01000000000000000000000000000000 -> 02000000000000000000000000000000
  custom:audio-decoder-ogg-vorbis: bf7c407c2cedff20999df2af8eb42d56 -> 
  custom:audio-encoder-webm-vorbis: bf7c407c2cedff20999df2af8eb42d56 -> 
========================================================================
Received Import Request.
  Time since last request: 316.985277 seconds.
  path: Assets/Resources/AppsFlyer/AFInAppEvents.cs
  artifactKey: Guid(4075c6cf6f3d94b9a9f37f826e6a0e6f) Importer(815301076,1909f56bfc062723c751e8b465ee728b)
Start importing Assets/Resources/AppsFlyer/AFInAppEvents.cs using Guid(4075c6cf6f3d94b9a9f37f826e6a0e6f) Importer(815301076,1909f56bfc062723c751e8b465ee728b)  -> (artifact id: '07bdf0b52380e419fe524ddfe905b43f') in 0.022014 seconds 
========================================================================
Received Import Request.
  Time since last request: 1.364205 seconds.
  path: Assets/Resources/AppsFlyer/AFMiniJSON.cs
  artifactKey: Guid(bc3d1c806d507463e9b560eb09d8eb0e) Importer(815301076,1909f56bfc062723c751e8b465ee728b)
Start importing Assets/Resources/AppsFlyer/AFMiniJSON.cs using Guid(bc3d1c806d507463e9b560eb09d8eb0e) Importer(815301076,1909f56bfc062723c751e8b465ee728b)  -> (artifact id: '88f4477070fb3d504538017c6dcb7a51') in 0.008445 seconds 
========================================================================
Received Import Request.
  Time since last request: 1.224839 seconds.
  path: Assets/Resources/AppsFlyer/AppsFlyer.cs
  artifactKey: Guid(45161025a517d427381d3d06153a5ad3) Importer(815301076,1909f56bfc062723c751e8b465ee728b)
Start importing Assets/Resources/AppsFlyer/AppsFlyer.cs using Guid(45161025a517d427381d3d06153a5ad3) Importer(815301076,1909f56bfc062723c751e8b465ee728b)  -> (artifact id: '54751bb6be2ffef9b5240017e77b8c86') in 0.009271 seconds 
========================================================================
Received Import Request.
  Time since last request: 0.350661 seconds.
  path: Assets/Resources/AppsFlyer/AppsFlyerAndroid.cs
  artifactKey: Guid(172d18dd98e7e4ed3b30110568b0fae4) Importer(815301076,1909f56bfc062723c751e8b465ee728b)
Start importing Assets/Resources/AppsFlyer/AppsFlyerAndroid.cs using Guid(172d18dd98e7e4ed3b30110568b0fae4) Importer(815301076,1909f56bfc062723c751e8b465ee728b)  -> (artifact id: '1beae603736ff5620a6437a3efdf4ef2') in 0.009874 seconds 
========================================================================
Received Import Request.
  Time since last request: 1.347015 seconds.
  path: Assets/Resources/AppsFlyer/AppsFlyerEventArgs.cs
  artifactKey: Guid(a0fc241ad5a9b43a7b461a6147dbc74c) Importer(815301076,1909f56bfc062723c751e8b465ee728b)
Start importing Assets/Resources/AppsFlyer/AppsFlyerEventArgs.cs using Guid(a0fc241ad5a9b43a7b461a6147dbc74c) Importer(815301076,1909f56bfc062723c751e8b465ee728b)  -> (artifact id: 'a7d29ac8fb043a90f15a62ee7fbfee17') in 0.010821 seconds 
========================================================================
Received Import Request.
  Time since last request: 0.754915 seconds.
  path: Assets/Resources/AppsFlyer/AppsFlyeriOS.cs
  artifactKey: Guid(b34371b3cc09641ebb007ffc4e9500f0) Importer(815301076,1909f56bfc062723c751e8b465ee728b)
Start importing Assets/Resources/AppsFlyer/AppsFlyeriOS.cs using Guid(b34371b3cc09641ebb007ffc4e9500f0) Importer(815301076,1909f56bfc062723c751e8b465ee728b)  -> (artifact id: 'dffc112e8aab206e056300e5f933369c') in 0.012445 seconds 
========================================================================
Received Import Request.
  Time since last request: 1.158459 seconds.
  path: Assets/Resources/AppsFlyer/AppsFlyerObjectScript.cs
  artifactKey: Guid(2a2ec6ba1ee8b48749524f015ed572a6) Importer(815301076,1909f56bfc062723c751e8b465ee728b)
Start importing Assets/Resources/AppsFlyer/AppsFlyerObjectScript.cs using Guid(2a2ec6ba1ee8b48749524f015ed572a6) Importer(815301076,1909f56bfc062723c751e8b465ee728b)  -> (artifact id: '476059704a32399b6824ff311513f702') in 0.012502 seconds 
========================================================================
Received Import Request.
  Time since last request: 0.416500 seconds.
  path: Assets/Resources/AppsFlyer/IAppsFlyerConversionData.cs
  artifactKey: Guid(d2f1d4dadb7cb44628f25f1ffd8fc104) Importer(815301076,1909f56bfc062723c751e8b465ee728b)
Start importing Assets/Resources/AppsFlyer/IAppsFlyerConversionData.cs using Guid(d2f1d4dadb7cb44628f25f1ffd8fc104) Importer(815301076,1909f56bfc062723c751e8b465ee728b)  -> (artifact id: '705f7bff09060e9341e1b27e219bd9b4') in 0.011631 seconds 
========================================================================
Received Import Request.
  Time since last request: 0.429892 seconds.
  path: Assets/Resources/AppsFlyer/IAppsFlyerUserInvite.cs
  artifactKey: Guid(5a4cdfa023cb8497b94bb39720052fef) Importer(815301076,1909f56bfc062723c751e8b465ee728b)
Start importing Assets/Resources/AppsFlyer/IAppsFlyerUserInvite.cs using Guid(5a4cdfa023cb8497b94bb39720052fef) Importer(815301076,1909f56bfc062723c751e8b465ee728b)  -> (artifact id: '4715c6032e6b81c78849d344cd50a030') in 0.008251 seconds 
========================================================================
Received Import Request.
  Time since last request: 0.347179 seconds.
  path: Assets/Resources/AppsFlyer/IAppsFlyerValidateReceipt.cs
  artifactKey: Guid(6385b1d184efa400a98515735e1f17bc) Importer(815301076,1909f56bfc062723c751e8b465ee728b)
Start importing Assets/Resources/AppsFlyer/IAppsFlyerValidateReceipt.cs using Guid(6385b1d184efa400a98515735e1f17bc) Importer(815301076,1909f56bfc062723c751e8b465ee728b)  -> (artifact id: 'c60e7f33337e04726c2789f96ed237e9') in 0.009658 seconds 
========================================================================
Received Import Request.
  Time since last request: 0.308744 seconds.
  path: Assets/Resources/AppsFlyer/package.json
  artifactKey: Guid(a2b3ab5da7dda473b8791503604647b4) Importer(815301076,1909f56bfc062723c751e8b465ee728b)
Start importing Assets/Resources/AppsFlyer/package.json using Guid(a2b3ab5da7dda473b8791503604647b4) Importer(815301076,1909f56bfc062723c751e8b465ee728b)  -> (artifact id: '762a8bdc90877a1b3e500d17c92dfaaf') in 0.209471 seconds 
========================================================================
Received Import Request.
  Time since last request: 3.828750 seconds.
  path: Assets/Resources/AppsFlyer/Editor/AppsFlyerObjectEditor.cs
  artifactKey: Guid(d248a134cf494486fb1d6a2e95a05d87) Importer(815301076,1909f56bfc062723c751e8b465ee728b)
Start importing Assets/Resources/AppsFlyer/Editor/AppsFlyerObjectEditor.cs using Guid(d248a134cf494486fb1d6a2e95a05d87) Importer(815301076,1909f56bfc062723c751e8b465ee728b)  -> (artifact id: 'f1f835c873f278df54c8acc04ffd3f27') in 0.014594 seconds 
========================================================================
Received Import Request.
  Time since last request: 5.127350 seconds.
  path: Assets/Resources/AppsFlyer/Plugins
  artifactKey: Guid(66297743248ab4e47abdc371a59f1111) Importer(815301076,1909f56bfc062723c751e8b465ee728b)
Start importing Assets/Resources/AppsFlyer/Plugins using Guid(66297743248ab4e47abdc371a59f1111) Importer(815301076,1909f56bfc062723c751e8b465ee728b)  -> (artifact id: '1e1edb73731ec668061e58887b827ee0') in 0.011732 seconds 
========================================================================
Received Import Request.
  Time since last request: 1.651223 seconds.
  path: Assets/Resources/AppsFlyer/Plugins/iOS
  artifactKey: Guid(d8325c12a80ff4323b82e2833a8fc287) Importer(815301076,1909f56bfc062723c751e8b465ee728b)
Start importing Assets/Resources/AppsFlyer/Plugins/iOS using Guid(d8325c12a80ff4323b82e2833a8fc287) Importer(815301076,1909f56bfc062723c751e8b465ee728b)  -> (artifact id: 'f01a3972242737961cb98c73ff6c8b82') in 0.025472 seconds 
========================================================================
Received Import Request.
  Time since last request: 3.303933 seconds.
  path: Assets/Resources/AppsFlyer/Windows
  artifactKey: Guid(1fbfcb6aeaa7f40e69a0daff450a2450) Importer(815301076,1909f56bfc062723c751e8b465ee728b)
Start importing Assets/Resources/AppsFlyer/Windows using Guid(1fbfcb6aeaa7f40e69a0daff450a2450) Importer(815301076,1909f56bfc062723c751e8b465ee728b)  -> (artifact id: '49811737f162706dee18cc6dce2d07f2') in 0.012330 seconds 
========================================================================
Received Import Request.
  Time since last request: 10.962652 seconds.
  path: Assets/Resources/ExternalDependencyManager/Editor
  artifactKey: Guid(b42aa8acaabecbf943da2892de5e6aeb) Importer(815301076,1909f56bfc062723c751e8b465ee728b)
Start importing Assets/Resources/ExternalDependencyManager/Editor using Guid(b42aa8acaabecbf943da2892de5e6aeb) Importer(815301076,1909f56bfc062723c751e8b465ee728b)  -> (artifact id: '4c87eeda32d75f1fda3c5161a220cd61') in 0.011834 seconds 
========================================================================
Received Import Request.
  Time since last request: 1.232557 seconds.
  path: Assets/Resources/ExternalDependencyManager/Editor/CHANGELOG.md
  artifactKey: Guid(d67e36cf70144eeeb62948707545ecfd) Importer(815301076,1909f56bfc062723c751e8b465ee728b)
Start importing Assets/Resources/ExternalDependencyManager/Editor/CHANGELOG.md using Guid(d67e36cf70144eeeb62948707545ecfd) Importer(815301076,1909f56bfc062723c751e8b465ee728b)  -> (artifact id: '3a02846cafe5fce4a2cbaba70a348313') in 0.048023 seconds 
========================================================================
Received Import Request.
  Time since last request: 0.900529 seconds.
  path: Assets/Resources/ExternalDependencyManager/Editor/Google.IOSResolver_v1.2.144.dll
  artifactKey: Guid(56df9cbb79694684b75ac3d9322cd589) Importer(815301076,1909f56bfc062723c751e8b465ee728b)
Start importing Assets/Resources/ExternalDependencyManager/Editor/Google.IOSResolver_v1.2.144.dll using Guid(56df9cbb79694684b75ac3d9322cd589) Importer(815301076,1909f56bfc062723c751e8b465ee728b)  -> (artifact id: '5c2036b30aafd55fe56a92774303c3bb') in 0.015728 seconds 
========================================================================
Received Import Request.
  Time since last request: 0.619855 seconds.
  path: Assets/Resources/ExternalDependencyManager/Editor/Google.JarResolver_v1.2.144.dll
  artifactKey: Guid(dbcf5f0282534becbd37af4fe90ae8bb) Importer(815301076,1909f56bfc062723c751e8b465ee728b)
Start importing Assets/Resources/ExternalDependencyManager/Editor/Google.JarResolver_v1.2.144.dll using Guid(dbcf5f0282534becbd37af4fe90ae8bb) Importer(815301076,1909f56bfc062723c751e8b465ee728b)  -> (artifact id: 'ff8240003c5f7f1711c28fa221d9fcb3') in 0.012065 seconds 
========================================================================
Received Import Request.
  Time since last request: 0.287311 seconds.
  path: Assets/Resources/ExternalDependencyManager/Editor/Google.JarResolver_v1.2.144.dll.mdb
  artifactKey: Guid(c8b529e6db8d411fb1bc26464a9f761e) Importer(815301076,1909f56bfc062723c751e8b465ee728b)
Start importing Assets/Resources/ExternalDependencyManager/Editor/Google.JarResolver_v1.2.144.dll.mdb using Guid(c8b529e6db8d411fb1bc26464a9f761e) Importer(815301076,1909f56bfc062723c751e8b465ee728b)  -> (artifact id: '58f848e5d5d431eb039aa03f7abcde86') in 0.039713 seconds 
========================================================================
Received Import Request.
  Time since last request: 0.267453 seconds.
  path: Assets/Resources/ExternalDependencyManager/Editor/Google.UnityPackageManagerResolver_v1.2.144.dll
  artifactKey: Guid(9b7b6f84d4eb4f549252df73305e17c8) Importer(815301076,1909f56bfc062723c751e8b465ee728b)
Start importing Assets/Resources/ExternalDependencyManager/Editor/Google.UnityPackageManagerResolver_v1.2.144.dll using Guid(9b7b6f84d4eb4f549252df73305e17c8) Importer(815301076,1909f56bfc062723c751e8b465ee728b)  -> (artifact id: '8b6a592dc9e042f1dbe906aec9793cf2') in 0.023890 seconds 
========================================================================
Received Import Request.
  Time since last request: 1.769334 seconds.
  path: Assets/Resources/ExternalDependencyManager/Editor/Google.UnityPackageManagerResolver_v1.2.144.dll.mdb
  artifactKey: Guid(c3a4db753c154822b84671ce6df74c09) Importer(815301076,1909f56bfc062723c751e8b465ee728b)
Start importing Assets/Resources/ExternalDependencyManager/Editor/Google.UnityPackageManagerResolver_v1.2.144.dll.mdb using Guid(c3a4db753c154822b84671ce6df74c09) Importer(815301076,1909f56bfc062723c751e8b465ee728b)  -> (artifact id: '7205703ebd8c4e74b7847880e1eb29bd') in 0.019063 seconds 
========================================================================
Received Import Request.
  Time since last request: 3.149954 seconds.
  path: Assets/Resources/ExternalDependencyManager/Editor/Google.VersionHandler.dll
  artifactKey: Guid(bb6999c8a5ce4ba99688ec579babe5b7) Importer(815301076,1909f56bfc062723c751e8b465ee728b)
Start importing Assets/Resources/ExternalDependencyManager/Editor/Google.VersionHandler.dll using Guid(bb6999c8a5ce4ba99688ec579babe5b7) Importer(815301076,1909f56bfc062723c751e8b465ee728b)  -> (artifact id: '1695447abd16da6dc7bd54bedceab244') in 0.007053 seconds 
========================================================================
Received Import Request.
  Time since last request: 0.206864 seconds.
  path: Assets/Resources/ExternalDependencyManager/Editor/Google.VersionHandler.dll.mdb
  artifactKey: Guid(3aa17cd5f43042a1a7381759dc1258a7) Importer(815301076,1909f56bfc062723c751e8b465ee728b)
Start importing Assets/Resources/ExternalDependencyManager/Editor/Google.VersionHandler.dll.mdb using Guid(3aa17cd5f43042a1a7381759dc1258a7) Importer(815301076,1909f56bfc062723c751e8b465ee728b)  -> (artifact id: '7fd8cbf491e8c87f3675540e0b09ba3c') in 0.017104 seconds 
========================================================================
Received Import Request.
  Time since last request: 0.374077 seconds.
  path: Assets/Resources/ExternalDependencyManager/Editor/Google.VersionHandlerImpl_v1.2.144.dll
  artifactKey: Guid(1693c8ca0fd34e1c8f1fcb94fb4d0a8f) Importer(815301076,1909f56bfc062723c751e8b465ee728b)
Start importing Assets/Resources/ExternalDependencyManager/Editor/Google.VersionHandlerImpl_v1.2.144.dll using Guid(1693c8ca0fd34e1c8f1fcb94fb4d0a8f) Importer(815301076,1909f56bfc062723c751e8b465ee728b)  -> (artifact id: '991ed83e999291b93c7ed9fd9e7383c4') in 0.010401 seconds 
========================================================================
Received Import Request.
  Time since last request: 0.248825 seconds.
  path: Assets/Resources/ExternalDependencyManager/Editor/Google.VersionHandlerImpl_v1.2.144.dll.mdb
  artifactKey: Guid(f75f9b60ac3c4499899472453dd9336c) Importer(815301076,1909f56bfc062723c751e8b465ee728b)
Start importing Assets/Resources/ExternalDependencyManager/Editor/Google.VersionHandlerImpl_v1.2.144.dll.mdb using Guid(f75f9b60ac3c4499899472453dd9336c) Importer(815301076,1909f56bfc062723c751e8b465ee728b)  -> (artifact id: 'bba28809f66e840b600fcde478d2f609') in 0.009465 seconds 
========================================================================
Received Import Request.
  Time since last request: 0.189455 seconds.
  path: Assets/Resources/ExternalDependencyManager/Editor/GoogleRegistries.xml
  artifactKey: Guid(81e43a9734ee4e3d8d85776f1b564bd3) Importer(815301076,1909f56bfc062723c751e8b465ee728b)
Start importing Assets/Resources/ExternalDependencyManager/Editor/GoogleRegistries.xml using Guid(81e43a9734ee4e3d8d85776f1b564bd3) Importer(815301076,1909f56bfc062723c751e8b465ee728b)  -> (artifact id: '24a90d0b6abe4ea0a25982ba8534b051') in 0.016289 seconds 
========================================================================
Received Import Request.
  Time since last request: 0.174845 seconds.
  path: Assets/Resources/ExternalDependencyManager/Editor/LICENSE
  artifactKey: Guid(35a6726adf03479eb04b8c082346d551) Importer(815301076,1909f56bfc062723c751e8b465ee728b)
Start importing Assets/Resources/ExternalDependencyManager/Editor/LICENSE using Guid(35a6726adf03479eb04b8c082346d551) Importer(815301076,1909f56bfc062723c751e8b465ee728b)  -> (artifact id: '51f514038ef85c0910d9bc8f3e39ee65') in 0.008327 seconds 
========================================================================
Received Import Request.
  Time since last request: 0.341536 seconds.
  path: Assets/Resources/ExternalDependencyManager/Editor/README.md
  artifactKey: Guid(11eb52f780284fd69194951ac46cb538) Importer(815301076,1909f56bfc062723c751e8b465ee728b)
Start importing Assets/Resources/ExternalDependencyManager/Editor/README.md using Guid(11eb52f780284fd69194951ac46cb538) Importer(815301076,1909f56bfc062723c751e8b465ee728b)  -> (artifact id: '501fdfdded0bef47778453603a5b345e') in 0.008021 seconds 
========================================================================
Received Import Request.
  Time since last request: 1422.456205 seconds.
  path: Assets/Resources/Webview
  artifactKey: Guid(3ebea5954c61e76478d4613b7b39eebc) Importer(815301076,1909f56bfc062723c751e8b465ee728b)
Start importing Assets/Resources/Webview using Guid(3ebea5954c61e76478d4613b7b39eebc) Importer(815301076,1909f56bfc062723c751e8b465ee728b)  -> (artifact id: '635be0ed6fcea3fa0e46eef872400afb') in 0.007229 seconds 
========================================================================
Received Prepare
Registering precompiled user dll's ...
Registered in 0.004043 seconds.
Begin MonoManager ReloadAssembly
Native extension for WindowsStandalone target not found
Refreshing native plugins compatible for Editor in 0.67 ms, found 3 plugins.
Preloading 0 native plugins for Editor in 0.00 ms.
Mono: successfully reloaded assembly
- Completed reload, in  3.440 seconds
Domain Reload Profiling:
	ReloadAssembly (3441ms)
		BeginReloadAssembly (175ms)
			ExecutionOrderSort (0ms)
			DisableScriptedObjects (12ms)
			BackupInstance (0ms)
			ReleaseScriptingObjects (0ms)
			CreateAndSetChildDomain (59ms)
		EndReloadAssembly (3163ms)
			LoadAssemblies (149ms)
			RebuildTransferFunctionScriptingTraits (0ms)
			SetupTypeCache (503ms)
			ReleaseScriptCaches (1ms)
			RebuildScriptCaches (69ms)
			SetupLoadedEditorAssemblies (2335ms)
				LogAssemblyErrors (0ms)
				InitializePlatformSupportModulesInManaged (5ms)
				SetLoadedEditorAssemblies (1ms)
				RefreshPlugins (1ms)
				BeforeProcessingInitializeOnLoad (107ms)
				ProcessInitializeOnLoadAttributes (2203ms)
				ProcessInitializeOnLoadMethodAttributes (17ms)
				AfterProcessingInitializeOnLoad (2ms)
				EditorAssembliesLoaded (0ms)
			ExecutionOrderSort2 (0ms)
			AwakeInstancesAfterBackupRestoration (3ms)
Platform modules already initialized, skipping
Switching build target platform(19) subTarget(0) extendedPlatform(0) -> platform(13) subTarget(537395200) extendedPlatform(0)
Refreshing native plugins compatible for Editor in 1.29 ms, found 3 plugins.
Preloading 0 native plugins for Editor in 0.00 ms.
Unloading 2255 Unused Serialized files (Serialized files now loaded: 0)
System memory in use before: 98.9 MB.
System memory in use after: 98.9 MB.

Unloading 37 unused Assets to reduce memory usage. Loaded Objects now: 2688.
Total: 7.499800 ms (FindLiveObjects: 0.403100 ms CreateObjectMapping: 0.269200 ms MarkObjects: 6.604100 ms  DeleteObjects: 0.221600 ms)

AssetImportParameters requested are different than current active one (requested -> active):
  custom:framework-win-MediaFoundation: 216162199b28c13a410421893ffa2e32 -> 
  custom:video-decoder-ogg-theora: a1e56fd34408186e4bbccfd4996cb3dc -> 
  custom:container-muxer-webm: aa71ff27fc2769a1b78a27578f13a17b -> 
  custom:container-demuxer-webm: 4f35f7cbe854078d1ac9338744f61a02 -> 
  custom:container-demuxer-ogg: 62fdf1f143b41e24485cea50d1cbac27 -> 
  custom:video-encoder-webm-vp8: eb34c28f22e8b96e1ab97ce403110664 -> 
  custom:video-codec-MediaFoundation-h265: 746d11721c4dcdbdad8f713fa42b33f4 -> 
  custom:video-decoder-webm-vp8: 9c59270c3fd7afecdb556c50c9e8de78 -> 
  custom:graphics/normal-map-encoding: 01000000000000000000000000000000 -> 02000000000000000000000000000000
  custom:audio-decoder-ogg-vorbis: bf7c407c2cedff20999df2af8eb42d56 -> 
  custom:audio-encoder-webm-vorbis: bf7c407c2cedff20999df2af8eb42d56 -> 
========================================================================
Received Prepare
Registering precompiled user dll's ...
Registered in 0.007826 seconds.
Begin MonoManager ReloadAssembly
Native extension for WindowsStandalone target not found
Refreshing native plugins compatible for Editor in 1.32 ms, found 3 plugins.
Preloading 0 native plugins for Editor in 0.00 ms.
Mono: successfully reloaded assembly
- Completed reload, in  4.959 seconds
Domain Reload Profiling:
	ReloadAssembly (4959ms)
		BeginReloadAssembly (243ms)
			ExecutionOrderSort (0ms)
			DisableScriptedObjects (16ms)
			BackupInstance (0ms)
			ReleaseScriptingObjects (0ms)
			CreateAndSetChildDomain (74ms)
		EndReloadAssembly (4569ms)
			LoadAssemblies (227ms)
			RebuildTransferFunctionScriptingTraits (0ms)
			SetupTypeCache (745ms)
			ReleaseScriptCaches (2ms)
			RebuildScriptCaches (113ms)
			SetupLoadedEditorAssemblies (3253ms)
				LogAssemblyErrors (0ms)
				InitializePlatformSupportModulesInManaged (10ms)
				SetLoadedEditorAssemblies (1ms)
				RefreshPlugins (1ms)
				BeforeProcessingInitializeOnLoad (176ms)
				ProcessInitializeOnLoadAttributes (3039ms)
				ProcessInitializeOnLoadMethodAttributes (23ms)
				AfterProcessingInitializeOnLoad (3ms)
				EditorAssembliesLoaded (0ms)
			ExecutionOrderSort2 (0ms)
			AwakeInstancesAfterBackupRestoration (5ms)
Platform modules already initialized, skipping
Switching build target platform(19) subTarget(0) extendedPlatform(0) -> platform(13) subTarget(537395200) extendedPlatform(0)
Refreshing native plugins compatible for Editor in 0.96 ms, found 3 plugins.
Preloading 0 native plugins for Editor in 0.00 ms.
Unloading 2255 Unused Serialized files (Serialized files now loaded: 0)
System memory in use before: 99.1 MB.
System memory in use after: 99.1 MB.

Unloading 37 unused Assets to reduce memory usage. Loaded Objects now: 2691.
Total: 5.834600 ms (FindLiveObjects: 0.448100 ms CreateObjectMapping: 0.235900 ms MarkObjects: 4.967100 ms  DeleteObjects: 0.181700 ms)

AssetImportParameters requested are different than current active one (requested -> active):
  custom:framework-win-MediaFoundation: 216162199b28c13a410421893ffa2e32 -> 
  custom:video-decoder-ogg-theora: a1e56fd34408186e4bbccfd4996cb3dc -> 
  custom:container-muxer-webm: aa71ff27fc2769a1b78a27578f13a17b -> 
  custom:container-demuxer-webm: 4f35f7cbe854078d1ac9338744f61a02 -> 
  custom:container-demuxer-ogg: 62fdf1f143b41e24485cea50d1cbac27 -> 
  custom:video-encoder-webm-vp8: eb34c28f22e8b96e1ab97ce403110664 -> 
  custom:video-codec-MediaFoundation-h265: 746d11721c4dcdbdad8f713fa42b33f4 -> 
  custom:video-decoder-webm-vp8: 9c59270c3fd7afecdb556c50c9e8de78 -> 
  custom:graphics/normal-map-encoding: 01000000000000000000000000000000 -> 02000000000000000000000000000000
  custom:audio-decoder-ogg-vorbis: bf7c407c2cedff20999df2af8eb42d56 -> 
  custom:audio-encoder-webm-vorbis: bf7c407c2cedff20999df2af8eb42d56 -> 
========================================================================
Received Prepare
Registering precompiled user dll's ...
Registered in 0.003749 seconds.
Begin MonoManager ReloadAssembly
Native extension for WindowsStandalone target not found
Refreshing native plugins compatible for Editor in 1.33 ms, found 3 plugins.
Preloading 0 native plugins for Editor in 0.00 ms.
Mono: successfully reloaded assembly
- Completed reload, in  6.500 seconds
Domain Reload Profiling:
	ReloadAssembly (6500ms)
		BeginReloadAssembly (117ms)
			ExecutionOrderSort (0ms)
			DisableScriptedObjects (6ms)
			BackupInstance (0ms)
			ReleaseScriptingObjects (0ms)
			CreateAndSetChildDomain (39ms)
		EndReloadAssembly (6318ms)
			LoadAssemblies (118ms)
			RebuildTransferFunctionScriptingTraits (0ms)
			SetupTypeCache (665ms)
			ReleaseScriptCaches (2ms)
			RebuildScriptCaches (104ms)
			SetupLoadedEditorAssemblies (5032ms)
				LogAssemblyErrors (0ms)
				InitializePlatformSupportModulesInManaged (10ms)
				SetLoadedEditorAssemblies (1ms)
				RefreshPlugins (1ms)
				BeforeProcessingInitializeOnLoad (177ms)
				ProcessInitializeOnLoadAttributes (4804ms)
				ProcessInitializeOnLoadMethodAttributes (34ms)
				AfterProcessingInitializeOnLoad (4ms)
				EditorAssembliesLoaded (0ms)
			ExecutionOrderSort2 (0ms)
			AwakeInstancesAfterBackupRestoration (12ms)
Platform modules already initialized, skipping
Switching build target platform(19) subTarget(0) extendedPlatform(0) -> platform(13) subTarget(537395200) extendedPlatform(0)
Refreshing native plugins compatible for Editor in 1.24 ms, found 3 plugins.
Preloading 0 native plugins for Editor in 0.00 ms.
Unloading 2255 Unused Serialized files (Serialized files now loaded: 0)
System memory in use before: 99.1 MB.
System memory in use after: 99.1 MB.

Unloading 37 unused Assets to reduce memory usage. Loaded Objects now: 2694.
Total: 7.760800 ms (FindLiveObjects: 0.379000 ms CreateObjectMapping: 0.258500 ms MarkObjects: 6.893600 ms  DeleteObjects: 0.227800 ms)

AssetImportParameters requested are different than current active one (requested -> active):
  custom:framework-win-MediaFoundation: 216162199b28c13a410421893ffa2e32 -> 
  custom:video-decoder-ogg-theora: a1e56fd34408186e4bbccfd4996cb3dc -> 
  custom:container-muxer-webm: aa71ff27fc2769a1b78a27578f13a17b -> 
  custom:container-demuxer-webm: 4f35f7cbe854078d1ac9338744f61a02 -> 
  custom:container-demuxer-ogg: 62fdf1f143b41e24485cea50d1cbac27 -> 
  custom:video-encoder-webm-vp8: eb34c28f22e8b96e1ab97ce403110664 -> 
  custom:video-codec-MediaFoundation-h265: 746d11721c4dcdbdad8f713fa42b33f4 -> 
  custom:video-decoder-webm-vp8: 9c59270c3fd7afecdb556c50c9e8de78 -> 
  custom:graphics/normal-map-encoding: 01000000000000000000000000000000 -> 02000000000000000000000000000000
  custom:audio-decoder-ogg-vorbis: bf7c407c2cedff20999df2af8eb42d56 -> 
  custom:audio-encoder-webm-vorbis: bf7c407c2cedff20999df2af8eb42d56 -> 
========================================================================
Received Prepare
Registering precompiled user dll's ...
Registered in 0.002958 seconds.
Begin MonoManager ReloadAssembly
Native extension for WindowsStandalone target not found
Refreshing native plugins compatible for Editor in 0.97 ms, found 3 plugins.
Preloading 0 native plugins for Editor in 0.00 ms.
Mono: successfully reloaded assembly
- Completed reload, in  3.695 seconds
Domain Reload Profiling:
	ReloadAssembly (3695ms)
		BeginReloadAssembly (154ms)
			ExecutionOrderSort (0ms)
			DisableScriptedObjects (7ms)
			BackupInstance (0ms)
			ReleaseScriptingObjects (0ms)
			CreateAndSetChildDomain (50ms)
		EndReloadAssembly (3475ms)
			LoadAssemblies (122ms)
			RebuildTransferFunctionScriptingTraits (0ms)
			SetupTypeCache (385ms)
			ReleaseScriptCaches (1ms)
			RebuildScriptCaches (57ms)
			SetupLoadedEditorAssemblies (2744ms)
				LogAssemblyErrors (0ms)
				InitializePlatformSupportModulesInManaged (6ms)
				SetLoadedEditorAssemblies (1ms)
				RefreshPlugins (1ms)
				BeforeProcessingInitializeOnLoad (215ms)
				ProcessInitializeOnLoadAttributes (2494ms)
				ProcessInitializeOnLoadMethodAttributes (24ms)
				AfterProcessingInitializeOnLoad (3ms)
				EditorAssembliesLoaded (0ms)
			ExecutionOrderSort2 (0ms)
			AwakeInstancesAfterBackupRestoration (4ms)
Platform modules already initialized, skipping
Switching build target platform(19) subTarget(0) extendedPlatform(0) -> platform(13) subTarget(537395200) extendedPlatform(0)
Refreshing native plugins compatible for Editor in 0.68 ms, found 3 plugins.
Preloading 0 native plugins for Editor in 0.00 ms.
Unloading 2256 Unused Serialized files (Serialized files now loaded: 0)
System memory in use before: 99.1 MB.
System memory in use after: 99.2 MB.

Unloading 37 unused Assets to reduce memory usage. Loaded Objects now: 2698.
Total: 4.812700 ms (FindLiveObjects: 0.282000 ms CreateObjectMapping: 0.155800 ms MarkObjects: 4.221900 ms  DeleteObjects: 0.152000 ms)

AssetImportParameters requested are different than current active one (requested -> active):
  custom:framework-win-MediaFoundation: 216162199b28c13a410421893ffa2e32 -> 
  custom:video-decoder-ogg-theora: a1e56fd34408186e4bbccfd4996cb3dc -> 
  custom:container-muxer-webm: aa71ff27fc2769a1b78a27578f13a17b -> 
  custom:container-demuxer-webm: 4f35f7cbe854078d1ac9338744f61a02 -> 
  custom:container-demuxer-ogg: 62fdf1f143b41e24485cea50d1cbac27 -> 
  custom:video-encoder-webm-vp8: eb34c28f22e8b96e1ab97ce403110664 -> 
  custom:video-codec-MediaFoundation-h265: 746d11721c4dcdbdad8f713fa42b33f4 -> 
  custom:video-decoder-webm-vp8: 9c59270c3fd7afecdb556c50c9e8de78 -> 
  custom:graphics/normal-map-encoding: 01000000000000000000000000000000 -> 02000000000000000000000000000000
  custom:audio-decoder-ogg-vorbis: bf7c407c2cedff20999df2af8eb42d56 -> 
  custom:audio-encoder-webm-vorbis: bf7c407c2cedff20999df2af8eb42d56 -> 
========================================================================
Received Prepare
Registering precompiled user dll's ...
Registered in 0.003563 seconds.
Begin MonoManager ReloadAssembly
Native extension for WindowsStandalone target not found
Refreshing native plugins compatible for Editor in 1.29 ms, found 3 plugins.
Preloading 0 native plugins for Editor in 0.00 ms.
Mono: successfully reloaded assembly
- Completed reload, in  5.590 seconds
Domain Reload Profiling:
	ReloadAssembly (5590ms)
		BeginReloadAssembly (129ms)
			ExecutionOrderSort (0ms)
			DisableScriptedObjects (9ms)
			BackupInstance (0ms)
			ReleaseScriptingObjects (0ms)
			CreateAndSetChildDomain (35ms)
		EndReloadAssembly (5397ms)
			LoadAssemblies (104ms)
			RebuildTransferFunctionScriptingTraits (0ms)
			SetupTypeCache (613ms)
			ReleaseScriptCaches (2ms)
			RebuildScriptCaches (143ms)
			SetupLoadedEditorAssemblies (4222ms)
				LogAssemblyErrors (0ms)
				InitializePlatformSupportModulesInManaged (10ms)
				SetLoadedEditorAssemblies (1ms)
				RefreshPlugins (1ms)
				BeforeProcessingInitializeOnLoad (192ms)
				ProcessInitializeOnLoadAttributes (3974ms)
				ProcessInitializeOnLoadMethodAttributes (38ms)
				AfterProcessingInitializeOnLoad (5ms)
				EditorAssembliesLoaded (0ms)
			ExecutionOrderSort2 (0ms)
			AwakeInstancesAfterBackupRestoration (8ms)
Platform modules already initialized, skipping
Switching build target platform(19) subTarget(0) extendedPlatform(0) -> platform(13) subTarget(537395200) extendedPlatform(0)
Refreshing native plugins compatible for Editor in 1.43 ms, found 3 plugins.
Preloading 0 native plugins for Editor in 0.00 ms.
Unloading 2256 Unused Serialized files (Serialized files now loaded: 0)
System memory in use before: 99.2 MB.
System memory in use after: 99.2 MB.

Unloading 37 unused Assets to reduce memory usage. Loaded Objects now: 2701.
Total: 6.785300 ms (FindLiveObjects: 0.347400 ms CreateObjectMapping: 0.223500 ms MarkObjects: 5.970800 ms  DeleteObjects: 0.241600 ms)

AssetImportParameters requested are different than current active one (requested -> active):
  custom:framework-win-MediaFoundation: 216162199b28c13a410421893ffa2e32 -> 
  custom:video-decoder-ogg-theora: a1e56fd34408186e4bbccfd4996cb3dc -> 
  custom:container-muxer-webm: aa71ff27fc2769a1b78a27578f13a17b -> 
  custom:container-demuxer-webm: 4f35f7cbe854078d1ac9338744f61a02 -> 
  custom:container-demuxer-ogg: 62fdf1f143b41e24485cea50d1cbac27 -> 
  custom:video-encoder-webm-vp8: eb34c28f22e8b96e1ab97ce403110664 -> 
  custom:video-codec-MediaFoundation-h265: 746d11721c4dcdbdad8f713fa42b33f4 -> 
  custom:video-decoder-webm-vp8: 9c59270c3fd7afecdb556c50c9e8de78 -> 
  custom:graphics/normal-map-encoding: 01000000000000000000000000000000 -> 02000000000000000000000000000000
  custom:audio-decoder-ogg-vorbis: bf7c407c2cedff20999df2af8eb42d56 -> 
  custom:audio-encoder-webm-vorbis: bf7c407c2cedff20999df2af8eb42d56 -> 
========================================================================
Received Import Request.
  Time since last request: 371.435459 seconds.
  path: Assets/Scenes/Policy.unity
  artifactKey: Guid(cfb0d2982ae36294faf19379e50c86c1) Importer(815301076,1909f56bfc062723c751e8b465ee728b)
Start importing Assets/Scenes/Policy.unity using Guid(cfb0d2982ae36294faf19379e50c86c1) Importer(815301076,1909f56bfc062723c751e8b465ee728b)  -> (artifact id: 'bfb1e0ab469d43003546dae19933b43e') in 0.012767 seconds 
========================================================================
Received Prepare
Registering precompiled user dll's ...
Registered in 0.004990 seconds.
Begin MonoManager ReloadAssembly
Native extension for WindowsStandalone target not found
Refreshing native plugins compatible for Editor in 0.65 ms, found 3 plugins.
Preloading 0 native plugins for Editor in 0.00 ms.
Mono: successfully reloaded assembly
- Completed reload, in  5.451 seconds
Domain Reload Profiling:
	ReloadAssembly (5452ms)
		BeginReloadAssembly (217ms)
			ExecutionOrderSort (0ms)
			DisableScriptedObjects (7ms)
			BackupInstance (0ms)
			ReleaseScriptingObjects (0ms)
			CreateAndSetChildDomain (56ms)
		EndReloadAssembly (5104ms)
			LoadAssemblies (243ms)
			RebuildTransferFunctionScriptingTraits (0ms)
			SetupTypeCache (694ms)
			ReleaseScriptCaches (1ms)
			RebuildScriptCaches (51ms)
			SetupLoadedEditorAssemblies (4008ms)
				LogAssemblyErrors (0ms)
				InitializePlatformSupportModulesInManaged (4ms)
				SetLoadedEditorAssemblies (1ms)
				RefreshPlugins (1ms)
				BeforeProcessingInitializeOnLoad (149ms)
				ProcessInitializeOnLoadAttributes (3810ms)
				ProcessInitializeOnLoadMethodAttributes (38ms)
				AfterProcessingInitializeOnLoad (5ms)
				EditorAssembliesLoaded (0ms)
			ExecutionOrderSort2 (0ms)
			AwakeInstancesAfterBackupRestoration (8ms)
Platform modules already initialized, skipping
Switching build target platform(19) subTarget(0) extendedPlatform(0) -> platform(13) subTarget(537395200) extendedPlatform(0)
Refreshing native plugins compatible for Editor in 1.13 ms, found 3 plugins.
Preloading 0 native plugins for Editor in 0.00 ms.
Unloading 2256 Unused Serialized files (Serialized files now loaded: 0)
System memory in use before: 99.2 MB.
System memory in use after: 99.3 MB.

Unloading 37 unused Assets to reduce memory usage. Loaded Objects now: 2704.
Total: 5.488100 ms (FindLiveObjects: 0.261700 ms CreateObjectMapping: 0.148500 ms MarkObjects: 4.925500 ms  DeleteObjects: 0.150900 ms)

AssetImportParameters requested are different than current active one (requested -> active):
  custom:framework-win-MediaFoundation: 216162199b28c13a410421893ffa2e32 -> 
  custom:video-decoder-ogg-theora: a1e56fd34408186e4bbccfd4996cb3dc -> 
  custom:container-muxer-webm: aa71ff27fc2769a1b78a27578f13a17b -> 
  custom:container-demuxer-webm: 4f35f7cbe854078d1ac9338744f61a02 -> 
  custom:container-demuxer-ogg: 62fdf1f143b41e24485cea50d1cbac27 -> 
  custom:video-encoder-webm-vp8: eb34c28f22e8b96e1ab97ce403110664 -> 
  custom:video-codec-MediaFoundation-h265: 746d11721c4dcdbdad8f713fa42b33f4 -> 
  custom:video-decoder-webm-vp8: 9c59270c3fd7afecdb556c50c9e8de78 -> 
  custom:graphics/normal-map-encoding: 01000000000000000000000000000000 -> 02000000000000000000000000000000
  custom:audio-decoder-ogg-vorbis: bf7c407c2cedff20999df2af8eb42d56 -> 
  custom:audio-encoder-webm-vorbis: bf7c407c2cedff20999df2af8eb42d56 -> 
========================================================================
Received Prepare
Registering precompiled user dll's ...
Registered in 0.007715 seconds.
Begin MonoManager ReloadAssembly
Native extension for WindowsStandalone target not found
Refreshing native plugins compatible for Editor in 1.14 ms, found 3 plugins.
Preloading 0 native plugins for Editor in 0.00 ms.
Mono: successfully reloaded assembly
- Completed reload, in  5.189 seconds
Domain Reload Profiling:
	ReloadAssembly (5190ms)
		BeginReloadAssembly (144ms)
			ExecutionOrderSort (0ms)
			DisableScriptedObjects (7ms)
			BackupInstance (0ms)
			ReleaseScriptingObjects (0ms)
			CreateAndSetChildDomain (40ms)
		EndReloadAssembly (4907ms)
			LoadAssemblies (190ms)
			RebuildTransferFunctionScriptingTraits (0ms)
			SetupTypeCache (722ms)
			ReleaseScriptCaches (2ms)
			RebuildScriptCaches (118ms)
			SetupLoadedEditorAssemblies (3560ms)
				LogAssemblyErrors (0ms)
				InitializePlatformSupportModulesInManaged (11ms)
				SetLoadedEditorAssemblies (1ms)
				RefreshPlugins (1ms)
				BeforeProcessingInitializeOnLoad (176ms)
				ProcessInitializeOnLoadAttributes (3328ms)
				ProcessInitializeOnLoadMethodAttributes (38ms)
				AfterProcessingInitializeOnLoad (5ms)
				EditorAssembliesLoaded (0ms)
			ExecutionOrderSort2 (0ms)
			AwakeInstancesAfterBackupRestoration (7ms)
Platform modules already initialized, skipping
Switching build target platform(19) subTarget(0) extendedPlatform(0) -> platform(13) subTarget(537395200) extendedPlatform(0)
Refreshing native plugins compatible for Editor in 1.25 ms, found 3 plugins.
Preloading 0 native plugins for Editor in 0.00 ms.
Unloading 2256 Unused Serialized files (Serialized files now loaded: 0)
System memory in use before: 99.2 MB.
System memory in use after: 99.3 MB.

Unloading 37 unused Assets to reduce memory usage. Loaded Objects now: 2707.
Total: 6.631600 ms (FindLiveObjects: 0.362100 ms CreateObjectMapping: 0.291100 ms MarkObjects: 5.778900 ms  DeleteObjects: 0.197800 ms)

AssetImportParameters requested are different than current active one (requested -> active):
  custom:framework-win-MediaFoundation: 216162199b28c13a410421893ffa2e32 -> 
  custom:video-decoder-ogg-theora: a1e56fd34408186e4bbccfd4996cb3dc -> 
  custom:container-muxer-webm: aa71ff27fc2769a1b78a27578f13a17b -> 
  custom:container-demuxer-webm: 4f35f7cbe854078d1ac9338744f61a02 -> 
  custom:container-demuxer-ogg: 62fdf1f143b41e24485cea50d1cbac27 -> 
  custom:video-encoder-webm-vp8: eb34c28f22e8b96e1ab97ce403110664 -> 
  custom:video-codec-MediaFoundation-h265: 746d11721c4dcdbdad8f713fa42b33f4 -> 
  custom:video-decoder-webm-vp8: 9c59270c3fd7afecdb556c50c9e8de78 -> 
  custom:graphics/normal-map-encoding: 01000000000000000000000000000000 -> 02000000000000000000000000000000
  custom:audio-decoder-ogg-vorbis: bf7c407c2cedff20999df2af8eb42d56 -> 
  custom:audio-encoder-webm-vorbis: bf7c407c2cedff20999df2af8eb42d56 -> 
========================================================================
Received Prepare
Registering precompiled user dll's ...
Registered in 0.004900 seconds.
Begin MonoManager ReloadAssembly
Native extension for WindowsStandalone target not found
Refreshing native plugins compatible for Editor in 0.81 ms, found 3 plugins.
Preloading 0 native plugins for Editor in 0.00 ms.
Mono: successfully reloaded assembly
- Completed reload, in  5.167 seconds
Domain Reload Profiling:
	ReloadAssembly (5167ms)
		BeginReloadAssembly (189ms)
			ExecutionOrderSort (0ms)
			DisableScriptedObjects (6ms)
			BackupInstance (0ms)
			ReleaseScriptingObjects (0ms)
			CreateAndSetChildDomain (50ms)
		EndReloadAssembly (4812ms)
			LoadAssemblies (212ms)
			RebuildTransferFunctionScriptingTraits (0ms)
			SetupTypeCache (768ms)
			ReleaseScriptCaches (2ms)
			RebuildScriptCaches (67ms)
			SetupLoadedEditorAssemblies (3594ms)
				LogAssemblyErrors (0ms)
				InitializePlatformSupportModulesInManaged (4ms)
				SetLoadedEditorAssemblies (1ms)
				RefreshPlugins (1ms)
				BeforeProcessingInitializeOnLoad (106ms)
				ProcessInitializeOnLoadAttributes (3432ms)
				ProcessInitializeOnLoadMethodAttributes (43ms)
				AfterProcessingInitializeOnLoad (6ms)
				EditorAssembliesLoaded (0ms)
			ExecutionOrderSort2 (0ms)
			AwakeInstancesAfterBackupRestoration (8ms)
Platform modules already initialized, skipping
Switching build target platform(19) subTarget(0) extendedPlatform(0) -> platform(13) subTarget(537395200) extendedPlatform(0)
Refreshing native plugins compatible for Editor in 1.07 ms, found 3 plugins.
Preloading 0 native plugins for Editor in 0.00 ms.
Unloading 2256 Unused Serialized files (Serialized files now loaded: 0)
System memory in use before: 99.1 MB.
System memory in use after: 99.2 MB.

Unloading 37 unused Assets to reduce memory usage. Loaded Objects now: 2710.
Total: 7.283100 ms (FindLiveObjects: 0.348900 ms CreateObjectMapping: 0.204600 ms MarkObjects: 6.457200 ms  DeleteObjects: 0.270200 ms)

AssetImportParameters requested are different than current active one (requested -> active):
  custom:framework-win-MediaFoundation: 216162199b28c13a410421893ffa2e32 -> 
  custom:video-decoder-ogg-theora: a1e56fd34408186e4bbccfd4996cb3dc -> 
  custom:container-muxer-webm: aa71ff27fc2769a1b78a27578f13a17b -> 
  custom:container-demuxer-webm: 4f35f7cbe854078d1ac9338744f61a02 -> 
  custom:container-demuxer-ogg: 62fdf1f143b41e24485cea50d1cbac27 -> 
  custom:video-encoder-webm-vp8: eb34c28f22e8b96e1ab97ce403110664 -> 
  custom:video-codec-MediaFoundation-h265: 746d11721c4dcdbdad8f713fa42b33f4 -> 
  custom:video-decoder-webm-vp8: 9c59270c3fd7afecdb556c50c9e8de78 -> 
  custom:graphics/normal-map-encoding: 01000000000000000000000000000000 -> 02000000000000000000000000000000
  custom:audio-decoder-ogg-vorbis: bf7c407c2cedff20999df2af8eb42d56 -> 
  custom:audio-encoder-webm-vorbis: bf7c407c2cedff20999df2af8eb42d56 -> 
========================================================================
Received Prepare
Registering precompiled user dll's ...
Registered in 0.004615 seconds.
Begin MonoManager ReloadAssembly
Native extension for WindowsStandalone target not found
Refreshing native plugins compatible for Editor in 1.31 ms, found 3 plugins.
Preloading 0 native plugins for Editor in 0.00 ms.
Mono: successfully reloaded assembly
- Completed reload, in  6.086 seconds
Domain Reload Profiling:
	ReloadAssembly (6088ms)
		BeginReloadAssembly (221ms)
			ExecutionOrderSort (0ms)
			DisableScriptedObjects (15ms)
			BackupInstance (0ms)
			ReleaseScriptingObjects (0ms)
			CreateAndSetChildDomain (58ms)
		EndReloadAssembly (5728ms)
			LoadAssemblies (223ms)
			RebuildTransferFunctionScriptingTraits (0ms)
			SetupTypeCache (705ms)
			ReleaseScriptCaches (2ms)
			RebuildScriptCaches (109ms)
			SetupLoadedEditorAssemblies (4392ms)
				LogAssemblyErrors (0ms)
				InitializePlatformSupportModulesInManaged (10ms)
				SetLoadedEditorAssemblies (1ms)
				RefreshPlugins (1ms)
				BeforeProcessingInitializeOnLoad (200ms)
				ProcessInitializeOnLoadAttributes (4120ms)
				ProcessInitializeOnLoadMethodAttributes (53ms)
				AfterProcessingInitializeOnLoad (6ms)
				EditorAssembliesLoaded (0ms)
			ExecutionOrderSort2 (0ms)
			AwakeInstancesAfterBackupRestoration (10ms)
Platform modules already initialized, skipping
Switching build target platform(19) subTarget(0) extendedPlatform(0) -> platform(13) subTarget(537395200) extendedPlatform(0)
Refreshing native plugins compatible for Editor in 1.32 ms, found 3 plugins.
Preloading 0 native plugins for Editor in 0.00 ms.
Unloading 2256 Unused Serialized files (Serialized files now loaded: 0)
System memory in use before: 99.1 MB.
System memory in use after: 99.2 MB.

Unloading 37 unused Assets to reduce memory usage. Loaded Objects now: 2713.
Total: 4.695600 ms (FindLiveObjects: 0.201300 ms CreateObjectMapping: 0.106200 ms MarkObjects: 4.235400 ms  DeleteObjects: 0.151600 ms)

AssetImportParameters requested are different than current active one (requested -> active):
  custom:framework-win-MediaFoundation: 216162199b28c13a410421893ffa2e32 -> 
  custom:video-decoder-ogg-theora: a1e56fd34408186e4bbccfd4996cb3dc -> 
  custom:container-muxer-webm: aa71ff27fc2769a1b78a27578f13a17b -> 
  custom:container-demuxer-webm: 4f35f7cbe854078d1ac9338744f61a02 -> 
  custom:container-demuxer-ogg: 62fdf1f143b41e24485cea50d1cbac27 -> 
  custom:video-encoder-webm-vp8: eb34c28f22e8b96e1ab97ce403110664 -> 
  custom:video-codec-MediaFoundation-h265: 746d11721c4dcdbdad8f713fa42b33f4 -> 
  custom:video-decoder-webm-vp8: 9c59270c3fd7afecdb556c50c9e8de78 -> 
  custom:graphics/normal-map-encoding: 01000000000000000000000000000000 -> 02000000000000000000000000000000
  custom:audio-decoder-ogg-vorbis: bf7c407c2cedff20999df2af8eb42d56 -> 
  custom:audio-encoder-webm-vorbis: bf7c407c2cedff20999df2af8eb42d56 -> 
========================================================================
Received Prepare
Registering precompiled user dll's ...
Registered in 0.007781 seconds.
Begin MonoManager ReloadAssembly
Native extension for WindowsStandalone target not found
Refreshing native plugins compatible for Editor in 1.60 ms, found 3 plugins.
Preloading 0 native plugins for Editor in 0.00 ms.
Mono: successfully reloaded assembly
- Completed reload, in  3.415 seconds
Domain Reload Profiling:
	ReloadAssembly (3416ms)
		BeginReloadAssembly (133ms)
			ExecutionOrderSort (0ms)
			DisableScriptedObjects (7ms)
			BackupInstance (0ms)
			ReleaseScriptingObjects (0ms)
			CreateAndSetChildDomain (35ms)
		EndReloadAssembly (3179ms)
			LoadAssemblies (117ms)
			RebuildTransferFunctionScriptingTraits (0ms)
			SetupTypeCache (358ms)
			ReleaseScriptCaches (1ms)
			RebuildScriptCaches (61ms)
			SetupLoadedEditorAssemblies (2477ms)
				LogAssemblyErrors (0ms)
				InitializePlatformSupportModulesInManaged (8ms)
				SetLoadedEditorAssemblies (1ms)
				RefreshPlugins (2ms)
				BeforeProcessingInitializeOnLoad (128ms)
				ProcessInitializeOnLoadAttributes (2319ms)
				ProcessInitializeOnLoadMethodAttributes (17ms)
				AfterProcessingInitializeOnLoad (2ms)
				EditorAssembliesLoaded (0ms)
			ExecutionOrderSort2 (0ms)
			AwakeInstancesAfterBackupRestoration (3ms)
Platform modules already initialized, skipping
Switching build target platform(19) subTarget(0) extendedPlatform(0) -> platform(13) subTarget(537395200) extendedPlatform(0)
Refreshing native plugins compatible for Editor in 1.20 ms, found 3 plugins.
Preloading 0 native plugins for Editor in 0.00 ms.
Unloading 2256 Unused Serialized files (Serialized files now loaded: 0)
System memory in use before: 99.1 MB.
System memory in use after: 99.2 MB.

Unloading 37 unused Assets to reduce memory usage. Loaded Objects now: 2716.
Total: 4.276800 ms (FindLiveObjects: 0.231500 ms CreateObjectMapping: 0.120800 ms MarkObjects: 3.783300 ms  DeleteObjects: 0.140000 ms)

AssetImportParameters requested are different than current active one (requested -> active):
  custom:framework-win-MediaFoundation: 216162199b28c13a410421893ffa2e32 -> 
  custom:video-decoder-ogg-theora: a1e56fd34408186e4bbccfd4996cb3dc -> 
  custom:container-muxer-webm: aa71ff27fc2769a1b78a27578f13a17b -> 
  custom:container-demuxer-webm: 4f35f7cbe854078d1ac9338744f61a02 -> 
  custom:container-demuxer-ogg: 62fdf1f143b41e24485cea50d1cbac27 -> 
  custom:video-encoder-webm-vp8: eb34c28f22e8b96e1ab97ce403110664 -> 
  custom:video-codec-MediaFoundation-h265: 746d11721c4dcdbdad8f713fa42b33f4 -> 
  custom:video-decoder-webm-vp8: 9c59270c3fd7afecdb556c50c9e8de78 -> 
  custom:graphics/normal-map-encoding: 01000000000000000000000000000000 -> 02000000000000000000000000000000
  custom:audio-decoder-ogg-vorbis: bf7c407c2cedff20999df2af8eb42d56 -> 
  custom:audio-encoder-webm-vorbis: bf7c407c2cedff20999df2af8eb42d56 -> 
========================================================================
Received Prepare
Registering precompiled user dll's ...
Registered in 0.003673 seconds.
Begin MonoManager ReloadAssembly
Native extension for WindowsStandalone target not found
Refreshing native plugins compatible for Editor in 1.37 ms, found 3 plugins.
Preloading 0 native plugins for Editor in 0.00 ms.
Mono: successfully reloaded assembly
- Completed reload, in  4.299 seconds
Domain Reload Profiling:
	ReloadAssembly (4299ms)
		BeginReloadAssembly (140ms)
			ExecutionOrderSort (0ms)
			DisableScriptedObjects (9ms)
			BackupInstance (0ms)
			ReleaseScriptingObjects (0ms)
			CreateAndSetChildDomain (49ms)
		EndReloadAssembly (4097ms)
			LoadAssemblies (101ms)
			RebuildTransferFunctionScriptingTraits (0ms)
			SetupTypeCache (403ms)
			ReleaseScriptCaches (2ms)
			RebuildScriptCaches (111ms)
			SetupLoadedEditorAssemblies (3156ms)
				LogAssemblyErrors (0ms)
				InitializePlatformSupportModulesInManaged (13ms)
				SetLoadedEditorAssemblies (1ms)
				RefreshPlugins (1ms)
				BeforeProcessingInitializeOnLoad (230ms)
				ProcessInitializeOnLoadAttributes (2886ms)
				ProcessInitializeOnLoadMethodAttributes (22ms)
				AfterProcessingInitializeOnLoad (2ms)
				EditorAssembliesLoaded (0ms)
			ExecutionOrderSort2 (0ms)
			AwakeInstancesAfterBackupRestoration (4ms)
Platform modules already initialized, skipping
Switching build target platform(19) subTarget(0) extendedPlatform(0) -> platform(13) subTarget(537395200) extendedPlatform(0)
Refreshing native plugins compatible for Editor in 0.63 ms, found 3 plugins.
Preloading 0 native plugins for Editor in 0.00 ms.
Unloading 2256 Unused Serialized files (Serialized files now loaded: 0)
System memory in use before: 99.2 MB.
System memory in use after: 99.3 MB.

Unloading 37 unused Assets to reduce memory usage. Loaded Objects now: 2719.
Total: 3.260700 ms (FindLiveObjects: 0.185400 ms CreateObjectMapping: 0.081900 ms MarkObjects: 2.885900 ms  DeleteObjects: 0.106500 ms)

AssetImportParameters requested are different than current active one (requested -> active):
  custom:framework-win-MediaFoundation: 216162199b28c13a410421893ffa2e32 -> 
  custom:video-decoder-ogg-theora: a1e56fd34408186e4bbccfd4996cb3dc -> 
  custom:container-muxer-webm: aa71ff27fc2769a1b78a27578f13a17b -> 
  custom:container-demuxer-webm: 4f35f7cbe854078d1ac9338744f61a02 -> 
  custom:container-demuxer-ogg: 62fdf1f143b41e24485cea50d1cbac27 -> 
  custom:video-encoder-webm-vp8: eb34c28f22e8b96e1ab97ce403110664 -> 
  custom:video-codec-MediaFoundation-h265: 746d11721c4dcdbdad8f713fa42b33f4 -> 
  custom:video-decoder-webm-vp8: 9c59270c3fd7afecdb556c50c9e8de78 -> 
  custom:graphics/normal-map-encoding: 01000000000000000000000000000000 -> 02000000000000000000000000000000
  custom:audio-decoder-ogg-vorbis: bf7c407c2cedff20999df2af8eb42d56 -> 
  custom:audio-encoder-webm-vorbis: bf7c407c2cedff20999df2af8eb42d56 -> 
========================================================================
Received Prepare
Registering precompiled user dll's ...
Registered in 0.005047 seconds.
Begin MonoManager ReloadAssembly
Native extension for WindowsStandalone target not found
Refreshing native plugins compatible for Editor in 1.14 ms, found 3 plugins.
Preloading 0 native plugins for Editor in 0.00 ms.
Mono: successfully reloaded assembly
- Completed reload, in  5.558 seconds
Domain Reload Profiling:
	ReloadAssembly (5559ms)
		BeginReloadAssembly (243ms)
			ExecutionOrderSort (0ms)
			DisableScriptedObjects (15ms)
			BackupInstance (0ms)
			ReleaseScriptingObjects (0ms)
			CreateAndSetChildDomain (72ms)
		EndReloadAssembly (5182ms)
			LoadAssemblies (227ms)
			RebuildTransferFunctionScriptingTraits (0ms)
			SetupTypeCache (742ms)
			ReleaseScriptCaches (2ms)
			RebuildScriptCaches (123ms)
			SetupLoadedEditorAssemblies (3795ms)
				LogAssemblyErrors (0ms)
				InitializePlatformSupportModulesInManaged (11ms)
				SetLoadedEditorAssemblies (1ms)
				RefreshPlugins (1ms)
				BeforeProcessingInitializeOnLoad (201ms)
				ProcessInitializeOnLoadAttributes (3535ms)
				ProcessInitializeOnLoadMethodAttributes (39ms)
				AfterProcessingInitializeOnLoad (7ms)
				EditorAssembliesLoaded (0ms)
			ExecutionOrderSort2 (0ms)
			AwakeInstancesAfterBackupRestoration (8ms)
Platform modules already initialized, skipping
Switching build target platform(19) subTarget(0) extendedPlatform(0) -> platform(13) subTarget(537395200) extendedPlatform(0)
Refreshing native plugins compatible for Editor in 0.70 ms, found 3 plugins.
Preloading 0 native plugins for Editor in 0.00 ms.
Unloading 2256 Unused Serialized files (Serialized files now loaded: 0)
System memory in use before: 99.2 MB.
System memory in use after: 99.3 MB.

Unloading 37 unused Assets to reduce memory usage. Loaded Objects now: 2722.
Total: 3.283700 ms (FindLiveObjects: 0.193000 ms CreateObjectMapping: 0.108300 ms MarkObjects: 2.872100 ms  DeleteObjects: 0.109500 ms)

AssetImportParameters requested are different than current active one (requested -> active):
  custom:framework-win-MediaFoundation: 216162199b28c13a410421893ffa2e32 -> 
  custom:video-decoder-ogg-theora: a1e56fd34408186e4bbccfd4996cb3dc -> 
  custom:container-muxer-webm: aa71ff27fc2769a1b78a27578f13a17b -> 
  custom:container-demuxer-webm: 4f35f7cbe854078d1ac9338744f61a02 -> 
  custom:container-demuxer-ogg: 62fdf1f143b41e24485cea50d1cbac27 -> 
  custom:video-encoder-webm-vp8: eb34c28f22e8b96e1ab97ce403110664 -> 
  custom:video-codec-MediaFoundation-h265: 746d11721c4dcdbdad8f713fa42b33f4 -> 
  custom:video-decoder-webm-vp8: 9c59270c3fd7afecdb556c50c9e8de78 -> 
  custom:graphics/normal-map-encoding: 01000000000000000000000000000000 -> 02000000000000000000000000000000
  custom:audio-decoder-ogg-vorbis: bf7c407c2cedff20999df2af8eb42d56 -> 
  custom:audio-encoder-webm-vorbis: bf7c407c2cedff20999df2af8eb42d56 -> 
AssetImportWorkerClient::OnTransportError - code=2 error=End of file
